[36m--[0m Using CATKIN_DEVEL_PREFIX: /home/r2d2/hsr_rss_project/devel/.private/hsr_cnn_detectron
[36m--[0m Using CMAKE_PREFIX_PATH: /home/r2d2/hsr_rss_project/devel;/opt/ros/noetic
[36m--[0m This workspace overlays: /home/r2d2/hsr_rss_project/devel;/opt/ros/noetic
[36m--[0m Found PythonInterp: /usr/bin/python3 (found suitable version "3.8.10", minimum required is "3")
[36m--[0m Using PYTHON_EXECUTABLE: /usr/bin/python3
[36m--[0m Using Debian Python package layout
[36m--[0m Using empy: /usr/lib/python3/dist-packages/em.py
[36m--[0m Using CATKIN_ENABLE_TESTING: ON
[36m--[0m Call enable_testing()
[36m--[0m Using CATKIN_TEST_RESULTS_DIR: /home/r2d2/hsr_rss_project/build/hsr_cnn_detectron/test_results
[36m--[0m Forcing gtest/gmock from source, though one was otherwise available.
[36m--[0m Found gtest sources under '/usr/src/googletest': gtests will be built
[36m--[0m Found gmock sources under '/usr/src/googletest': gmock will be built
[36m--[0m Found PythonInterp: /usr/bin/python3 (found version "3.8.10")
[36m--[0m Using Python nosetests: /usr/bin/nosetests3
[36m--[0m catkin 0.8.10
[36m--[0m BUILD_SHARED_LIBS is on
[33m[1mCMake Warning[0m at /opt/ros/noetic/share/catkin/cmake/catkin_package.cmake:166 (message):
  catkin_package() DEPENDS on 'system_lib' but neither
  'system_lib_INCLUDE_DIRS' nor 'system_lib_LIBRARIES' is defined.
[36mCall Stack (most recent call first):[0m
  /opt/ros/noetic/share/catkin/cmake/catkin_package.cmake:102 (_catkin_package)
  CMakeLists.txt:107 (catkin_package)


[31m[1mCMake Error[0m at /opt/ros/noetic/share/catkin/cmake/catkin_install_python.cmake:86 (message):
  catkin_install_python() called with non-existing file
  '/home/r2d2/hsr_rss_project/src/hsr_cnn_detectron/scripts/hsr_cnn_detection.py'.
[36mCall Stack (most recent call first):[0m
  CMakeLists.txt:164 (catkin_install_python)


[36m--[0m Configuring incomplete, errors occurred!
See also "/home/r2d2/hsr_rss_project/build/hsr_cnn_detectron/CMakeFiles/CMakeOutput.log".
See also "/home/r2d2/hsr_rss_project/build/hsr_cnn_detectron/CMakeFiles/CMakeError.log".
make: *** [Makefile:670: cmake_check_build_system] Error 1
